<?xml version="1.0" encoding="UTF-8"?>
<testsuite name="TestSuite" time="0.991" tests="6" errors="0" skipped="3" failures="0">
  <properties>
    <property name="JOB_NAME" value="u_ddt_kdd_jenkins"/>
    <property name="java.vendor" value="Oracle Corporation"/>
    <property name="sun.java.launcher" value="SUN_STANDARD"/>
    <property name="RUN_TESTS_DISPLAY_URL" value="http://localhost:8080/job/u_ddt_kdd_jenkins/10/display/redirect?page=tests"/>
    <property name="NUMBER_OF_PROCESSORS" value="8"/>
    <property name="sun.management.compiler" value="HotSpot 64-Bit Tiered Compilers"/>
    <property name="JENKINS_HOME" value="C:\Jenkins\Jenkins_Home\.jenkins"/>
    <property name="HUDSON_SERVER_COOKIE" value="cea92c64a68452f0"/>
    <property name="POM_ARTIFACTID" value="u_DDT_KDD_Jenkins"/>
    <property name="os.name" value="Windows 11"/>
    <property name="EXECUTOR_NUMBER" value="1"/>
    <property name="PATHEXT" value=".COM;.EXE;.BAT;.CMD;.VBS;.VBE;.JS;.JSE;.WSF;.WSH;.MSC;.PY;.PYW;.CPL"/>
    <property name="POM_DISPLAYNAME" value="u_DDT_KDD_Jenkins"/>
    <property name="java.vm.specification.vendor" value="Oracle Corporation"/>
    <property name="TEMP" value="C:\Users\apoorv\AppData\Local\Temp"/>
    <property name="NODE_LABELS" value="built-in"/>
    <property name="java.runtime.version" value="17.0.2+8-LTS-86"/>
    <property name="user.name" value="apoorv"/>
    <property name="guice.disable.misplaced.annotation.check" value="true"/>
    <property name="CommonProgramW6432" value="C:\Program Files\Common Files"/>
    <property name="ProgramFiles" value="C:\Program Files"/>
    <property name="user.language" value="en"/>
    <property name="JOB_BASE_NAME" value="u_ddt_kdd_jenkins"/>
    <property name="RUN_CHANGES_DISPLAY_URL" value="http://localhost:8080/job/u_ddt_kdd_jenkins/10/display/redirect?page=changes"/>
    <property name="BUILD_DISPLAY_NAME" value="#10"/>
    <property name="OneDrive" value="C:\Users\apoorv\OneDrive"/>
    <property name="sun.boot.library.path" value="C:\Program Files\Java\jdk-17.0.2\bin"/>
    <property name="java.vm.compressedOopsMode" value="32-bit"/>
    <property name="LOCALAPPDATA" value="C:\Users\apoorv\AppData\Local"/>
    <property name="java.version" value="17.0.2"/>
    <property name="user.timezone" value="Asia/Calcutta"/>
    <property name="PROCESSOR_LEVEL" value="6"/>
    <property name="USERNAME" value="apoorv"/>
    <property name="sun.arch.data.model" value="64"/>
    <property name="NODE_NAME" value="built-in"/>
    <property name="OneDriveConsumer" value="C:\Users\apoorv\OneDrive"/>
    <property name="BUILD_ID" value="10"/>
    <property name="sun.cpu.isalist" value="amd64"/>
    <property name="sun.jnu.encoding" value="Cp1252"/>
    <property name="maven.conf" value="C:\Program Files\apache-maven-3.8.4\conf"/>
    <property name="HOMEDRIVE" value="C:"/>
    <property name="file.separator" value="\"/>
    <property name="java.specification.name" value="Java Platform API Specification"/>
    <property name="java.class.version" value="61.0"/>
    <property name="org.slf4j.simpleLogger.defaultLogLevel" value="info"/>
    <property name="user.country" value="IN"/>
    <property name="WT_PROFILE_ID" value="{61c54bbd-c2c6-5271-96e7-009a87ff44bf}"/>
    <property name="ALLUSERSPROFILE" value="C:\ProgramData"/>
    <property name="java.home" value="C:\Program Files\Java\jdk-17.0.2"/>
    <property name="java.vm.info" value="mixed mode, sharing"/>
    <property name="os.version" value="10.0"/>
    <property name="RUN_DISPLAY_URL" value="http://localhost:8080/job/u_ddt_kdd_jenkins/10/display/redirect"/>
    <property name="POM_VERSION" value="0.0.1-SNAPSHOT"/>
    <property name="TMP" value="C:\Users\apoorv\AppData\Local\Temp"/>
    <property name="path.separator" value=";"/>
    <property name="RUN_ARTIFACTS_DISPLAY_URL" value="http://localhost:8080/job/u_ddt_kdd_jenkins/10/display/redirect?page=artifacts"/>
    <property name="java.vm.version" value="17.0.2+8-LTS-86"/>
    <property name="user.variant" value=""/>
    <property name="CommonProgramFiles(x86)" value="C:\Program Files (x86)\Common Files"/>
    <property name="JOB_DISPLAY_URL" value="http://localhost:8080/job/u_ddt_kdd_jenkins/display/redirect"/>
    <property name="USERDOMAIN_ROAMINGPROFILE" value="APOORV"/>
    <property name="CommonProgramFiles" value="C:\Program Files\Common Files"/>
    <property name="sun.io.unicode.encoding" value="UnicodeLittle"/>
    <property name="JAVA_HOME" value="C:\Program Files\Java\jdk-17.0.2"/>
    <property name="ChocolateyToolsLocation" value="C:\tools"/>
    <property name="ComSpec" value="C:\WINDOWS\system32\cmd.exe"/>
    <property name="HOMEPATH" value="\Users\apoorv"/>
    <property name="POM_PACKAGING" value="jar"/>
    <property name="COMPUTERNAME" value="APOORV"/>
    <property name="user.script" value=""/>
    <property name="POM_GROUPID" value="u_DDT_KDD_Jenkins"/>
    <property name="user.home" value="C:\Users\apoorv"/>
    <property name="PUBLIC" value="C:\Users\Public"/>
    <property name="BUILD_TAG" value="jenkins-u_ddt_kdd_jenkins-10"/>
    <property name="JENKINS_SERVER_COOKIE" value="cea92c64a68452f0"/>
    <property name="HUDSON_URL" value="http://localhost:8080/"/>
    <property name="ProgramData" value="C:\ProgramData"/>
    <property name="java.version.date" value="2022-01-18"/>
    <property name="java.specification.vendor" value="Oracle Corporation"/>
    <property name="USERPROFILE" value="C:\Users\apoorv"/>
    <property name="CLASSPATH" value=""/>
    <property name="java.library.path" value="C:\Program Files\Java\jdk-17.0.2\bin;C:\WINDOWS\Sun\Java\bin;C:\WINDOWS\system32;C:\WINDOWS;C:\Program Files\apache-maven-3.8.4/bin;C:\Program Files\Java\jdk-17.0.2/bin;C:\Program Files\Java\jdk-17.0.2/bin;C:\Program Files\python\Scripts\;C:\Program Files\python\;C:\Program Files\Java\jdk-17.0.2\bin;C:\Program Files\Java\jdk-17.0.2\bin;C:\Program Files\Java\jdk1.8.0_311\bin;C:\Program Files\Java\jre1.8.0_311\bin;C:\Program Files\Common Files\Oracle\Java\javapath;C:\Program Files\apache-maven-3.8.4\bin;C:\Program Files (x86)\Common Files\Oracle\Java\javapath;C:\Windows\system32;C:\Windows;C:\Windows\System32\Wbem;C:\Windows\System32\WindowsPowerShell\v1.0\;C:\Windows\System32\OpenSSH\;C:\Program Files (x86)\NVIDIA Corporation\PhysX\Common;C:\Program Files\NVIDIA Corporation\NVIDIA NvDLISR;C:\WINDOWS\system32;C:\WINDOWS;C:\WINDOWS\System32\Wbem;C:\WINDOWS\System32\WindowsPowerShell\v1.0\;C:\WINDOWS\System32\OpenSSH\;C:\Program Files\Git\cmd;C:\sqllite3;C:\Program Files\Microsoft SQL Server\Client SDK\ODBC\130\Tools\Binn\;C:\Program Files (x86)\Microsoft SQL Server\140\Tools\Binn\;C:\Program Files\Microsoft SQL Server\140\Tools\Binn\;C:\Program Files\Microsoft SQL Server\140\DTS\Binn\;C:\Program Files (x86)\Microsoft SQL Server\150\DTS\Binn\;C:\Program Files\Azure Data Studio\bin;C:\Program Files\MySQL\MySQL Server 8.0\bin;C:\Program Files\Microsoft SQL Server\Client SDK\ODBC\170\Tools\Binn\;C:\Program Files (x86)\Microsoft SQL Server\150\Tools\Binn\;C:\Program Files\Microsoft SQL Server\150\Tools\Binn\;C:\Program Files\Microsoft SQL Server\150\DTS\Binn\;C:\Users\apoorv\AppData\Local\Android\Sdk\platform-tools;C:\Users\apoorv\AppData\Local\Android\Sdk\tools;C:\Users\apoorv\AppData\Local\Android\Sdk\build-tools;C:\Program Files\apache-maven-3.8.4;C:\Program Files\Android\Android Studio\bin;C:\Users\apoorv\AppData\Local\Android\Sdk\tools\bin;C:\Users\apoorv\AppData\Local\Android\Sdk\build-tools\32.0.0;C:\Program Files\nodejs\;C:\ProgramData\chocolatey\bin;C:\Users\apoorv\AppData\Roaming\Python\Python310\Scripts;C:\Program Files\allure-commandline-2.15.0\allure-2.15.0\bin;C:\Users\apoorv\AppData\Local\Microsoft\WindowsApps;C:\Users\apoorv\AppData\Local\Programs\Microsoft VS Code\bin;."/>
    <property name="java.vendor.url" value="https://java.oracle.com/"/>
    <property name="WSLENV" value="WT_SESSION::WT_PROFILE_ID"/>
    <property name="java.vm.vendor" value="Oracle Corporation"/>
    <property name="APPDATA" value="C:\Users\apoorv\AppData\Roaming"/>
    <property name="java.runtime.name" value="Java(TM) SE Runtime Environment"/>
    <property name="maven.home" value="C:\Program Files\apache-maven-3.8.4"/>
    <property name="java.class.path" value="C:\Jenkins\Jenkins_Home\.jenkins\plugins\maven-plugin\WEB-INF\lib\maven35-agent-1.13.jar;C:\Program Files\apache-maven-3.8.4\boot\plexus-classworlds-2.6.0.jar;C:\Program Files\apache-maven-3.8.4/conf/logging"/>
    <property name="sun.java.command" value="jenkins.maven3.agent.Maven35Main C:\Program Files\apache-maven-3.8.4 C:\Jenkins\Jenkins_Home\.jenkins\war\WEB-INF\lib\remoting-4.13.2.jar C:\Jenkins\Jenkins_Home\.jenkins\plugins\maven-plugin\WEB-INF\lib\maven35-interceptor-1.13.jar C:\Jenkins\Jenkins_Home\.jenkins\plugins\maven-plugin\WEB-INF\lib\maven3-interceptor-commons-1.13.jar 52435"/>
    <property name="native.encoding" value="Cp1252"/>
    <property name="Path" value="C:\Program Files\Java\jdk-17.0.2/bin;C:\Program Files\python\Scripts\;C:\Program Files\python\;C:\Program Files\Java\jdk-17.0.2\bin;C:\Program Files\Java\jdk-17.0.2\bin;C:\Program Files\Java\jdk1.8.0_311\bin;C:\Program Files\Java\jre1.8.0_311\bin;C:\Program Files\Common Files\Oracle\Java\javapath;C:\Program Files\apache-maven-3.8.4\bin;C:\Program Files (x86)\Common Files\Oracle\Java\javapath;C:\Windows\system32;C:\Windows;C:\Windows\System32\Wbem;C:\Windows\System32\WindowsPowerShell\v1.0\;C:\Windows\System32\OpenSSH\;C:\Program Files (x86)\NVIDIA Corporation\PhysX\Common;C:\Program Files\NVIDIA Corporation\NVIDIA NvDLISR;C:\WINDOWS\system32;C:\WINDOWS;C:\WINDOWS\System32\Wbem;C:\WINDOWS\System32\WindowsPowerShell\v1.0\;C:\WINDOWS\System32\OpenSSH\;C:\Program Files\Git\cmd;C:\sqllite3;C:\Program Files\Microsoft SQL Server\Client SDK\ODBC\130\Tools\Binn\;C:\Program Files (x86)\Microsoft SQL Server\140\Tools\Binn\;C:\Program Files\Microsoft SQL Server\140\Tools\Binn\;C:\Program Files\Microsoft SQL Server\140\DTS\Binn\;C:\Program Files (x86)\Microsoft SQL Server\150\DTS\Binn\;C:\Program Files\Azure Data Studio\bin;C:\Program Files\MySQL\MySQL Server 8.0\bin;C:\Program Files\Microsoft SQL Server\Client SDK\ODBC\170\Tools\Binn\;C:\Program Files (x86)\Microsoft SQL Server\150\Tools\Binn\;C:\Program Files\Microsoft SQL Server\150\Tools\Binn\;C:\Program Files\Microsoft SQL Server\150\DTS\Binn\;C:\Users\apoorv\AppData\Local\Android\Sdk\platform-tools;C:\Users\apoorv\AppData\Local\Android\Sdk\tools;C:\Users\apoorv\AppData\Local\Android\Sdk\build-tools;C:\Program Files\apache-maven-3.8.4;C:\Program Files\Android\Android Studio\bin;C:\Users\apoorv\AppData\Local\Android\Sdk\tools\bin;C:\Users\apoorv\AppData\Local\Android\Sdk\build-tools\32.0.0;C:\Program Files\nodejs\;C:\ProgramData\chocolatey\bin;C:\Users\apoorv\AppData\Roaming\Python\Python310\Scripts;C:\Program Files\allure-commandline-2.15.0\allure-2.15.0\bin;C:\Users\apoorv\AppData\Local\Microsoft\WindowsApps;C:\Users\apoorv\AppData\Local\Programs\Microsoft VS Code\bin"/>
    <property name="jdk.debug" value="release"/>
    <property name="PROCESSOR_ARCHITECTURE" value="AMD64"/>
    <property name="java.vm.specification.name" value="Java Virtual Machine Specification"/>
    <property name="jansi.mode" value="strip"/>
    <property name="PATH+JDK" value="C:\Program Files\Java\jdk-17.0.2/bin"/>
    <property name="PROCESSOR_IDENTIFIER" value="Intel64 Family 6 Model 165 Stepping 2, GenuineIntel"/>
    <property name="java.vm.specification.version" value="17"/>
    <property name="WT_SESSION" value="1ab8f253-8bf5-4ace-8dc7-f98e863df3f2"/>
    <property name="M2_HOME" value="C:\Program Files\apache-maven-3.8.4"/>
    <property name="sun.cpu.endian" value="little"/>
    <property name="sun.os.patch.level" value=""/>
    <property name="OS" value="Windows_NT"/>
    <property name="CI" value="true"/>
    <property name="java.io.tmpdir" value="C:\Users\apoorv\AppData\Local\Temp\"/>
    <property name="HUDSON_HOME" value="C:\Jenkins\Jenkins_Home\.jenkins"/>
    <property name="PATH+MAVEN" value="C:\Program Files\apache-maven-3.8.4/bin"/>
    <property name="ProgramFiles(x86)" value="C:\Program Files (x86)"/>
    <property name="java.vendor.url.bug" value="https://bugreport.java.com/bugreport/"/>
    <property name="BUILD_URL" value="http://localhost:8080/job/u_ddt_kdd_jenkins/10/"/>
    <property name="SystemRoot" value="C:\WINDOWS"/>
    <property name="os.arch" value="amd64"/>
    <property name="user.dir" value="C:\Users\apoorv\eclipse-workspace\u_DDT_KDD_Jenkins"/>
    <property name="JOB_URL" value="http://localhost:8080/job/u_ddt_kdd_jenkins/"/>
    <property name="browser" value="edge"/>
    <property name="LOGONSERVER" value="\\APOORV"/>
    <property name="USERDOMAIN" value="APOORV"/>
    <property name="MAVEN_HOME" value="C:\Program Files\apache-maven-3.8.4"/>
    <property name="line.separator" value="&#10;"/>
    <property name="java.vm.name" value="Java HotSpot(TM) 64-Bit Server VM"/>
    <property name="BUILD_NUMBER" value="10"/>
    <property name="PROCESSOR_REVISION" value="a502"/>
    <property name="ANDROID_HOME" value="C:\Users\apoorv\AppData\Local\Android\Sdk"/>
    <property name="JENKINS_URL" value="http://localhost:8080/"/>
    <property name="ProgramW6432" value="C:\Program Files"/>
    <property name="windir" value="C:\WINDOWS"/>
    <property name="ChocolateyLastPathUpdate" value="132941203953290241"/>
    <property name="file.encoding" value="Cp1252"/>
    <property name="SystemDrive" value="C:"/>
    <property name="maven3.interceptor" value="C:\Jenkins\Jenkins_Home\.jenkins\plugins\maven-plugin\WEB-INF\lib\maven35-interceptor-1.13.jar"/>
    <property name="WORKSPACE_TMP" value="C:\Jenkins\Jenkins_Home\.jenkins\workspace\u_ddt_kdd_jenkins@tmp"/>
    <property name="WORKSPACE" value="C:\Jenkins\Jenkins_Home\.jenkins\workspace\u_ddt_kdd_jenkins"/>
    <property name="ChocolateyInstall" value="C:\ProgramData\chocolatey"/>
    <property name="maven3.interceptor.common" value="C:\Jenkins\Jenkins_Home\.jenkins\plugins\maven-plugin\WEB-INF\lib\maven3-interceptor-commons-1.13.jar"/>
    <property name="PSModulePath" value="C:\Users\apoorv\OneDrive\Documents\WindowsPowerShell\Modules;C:\Program Files\WindowsPowerShell\Modules;C:\WINDOWS\system32\WindowsPowerShell\v1.0\Modules;C:\Program Files (x86)\Microsoft SQL Server\140\Tools\PowerShell\Modules\;C:\Program Files (x86)\Microsoft SQL Server\150\Tools\PowerShell\Modules\"/>
    <property name="java.specification.version" value="17"/>
    <property name="DriverData" value="C:\Windows\System32\Drivers\DriverData"/>
  </properties>
  <testcase name="bankManagerLoginTest" classname="com.apoorv.testcases.BankManagerLoginTest" time="0.24"/>
  <testcase name="openAccountTest" classname="com.apoorv.testcases.OpenAccountTest" time="0">
    <skipped/>
    <system-out><![CDATA[DEBUG   16570   [freemark] (): Couldn't find template in cache for "spark/spark.spa.ftl"("en_IN", UTF-8, parsed); will try to load it.
DEBUG   16570   [freemark] (): TemplateLoader.findTemplateSource("spark/spark.spa_en_IN.ftl"): Not found
DEBUG   16570   [freemark] (): TemplateLoader.findTemplateSource("spark/spark.spa_en.ftl"): Not found
DEBUG   16570   [freemark] (): TemplateLoader.findTemplateSource("spark/spark.spa.ftl"): Found
DEBUG   16570   [freemark] (): Loading template for "spark/spark.spa.ftl"("en_IN", UTF-8, parsed) from "jar:file:/C:/Users/apoorv/.m2/repository/com/aventstack/extentreports/5.0.9/extentreports-5.0.9.jar!/com/aventstack/extentreports/templates/spark/spark.spa.ftl"
DEBUG   16570   [freemark] (): Couldn't find template in cache for "commons/commons-variables.ftl"("en_IN", UTF-8, parsed); will try to load it.
DEBUG   16570   [freemark] (): TemplateLoader.findTemplateSource("commons/commons-variables_en_IN.ftl"): Not found
DEBUG   16570   [freemark] (): TemplateLoader.findTemplateSource("commons/commons-variables_en.ftl"): Not found
DEBUG   16570   [freemark] (): TemplateLoader.findTemplateSource("commons/commons-variables.ftl"): Found
DEBUG   16570   [freemark] (): Loading template for "commons/commons-variables.ftl"("en_IN", UTF-8, parsed) from "jar:file:/C:/Users/apoorv/.m2/repository/com/aventstack/extentreports/5.0.9/extentreports-5.0.9.jar!/com/aventstack/extentreports/templates/commons/commons-variables.ftl"
DEBUG   16570   [freemark] (): Couldn't find template in cache for "commons/commons-macros.ftl"("en_IN", UTF-8, parsed); will try to load it.
DEBUG   16570   [freemark] (): TemplateLoader.findTemplateSource("commons/commons-macros_en_IN.ftl"): Not found
DEBUG   16570   [freemark] (): TemplateLoader.findTemplateSource("commons/commons-macros_en.ftl"): Not found
DEBUG   16570   [freemark] (): TemplateLoader.findTemplateSource("commons/commons-macros.ftl"): Found
DEBUG   16570   [freemark] (): Loading template for "commons/commons-macros.ftl"("en_IN", UTF-8, parsed) from "jar:file:/C:/Users/apoorv/.m2/repository/com/aventstack/extentreports/5.0.9/extentreports-5.0.9.jar!/com/aventstack/extentreports/templates/commons/commons-macros.ftl"
DEBUG   16570   [freemark] (): Couldn't find template in cache for "spark/macros/attributes.ftl"("en_IN", UTF-8, parsed); will try to load it.
DEBUG   16570   [freemark] (): TemplateLoader.findTemplateSource("spark/macros/attributes_en_IN.ftl"): Not found
DEBUG   16570   [freemark] (): TemplateLoader.findTemplateSource("spark/macros/attributes_en.ftl"): Not found
DEBUG   16570   [freemark] (): TemplateLoader.findTemplateSource("spark/macros/attributes.ftl"): Found
DEBUG   16570   [freemark] (): Loading template for "spark/macros/attributes.ftl"("en_IN", UTF-8, parsed) from "jar:file:/C:/Users/apoorv/.m2/repository/com/aventstack/extentreports/5.0.9/extentreports-5.0.9.jar!/com/aventstack/extentreports/templates/spark/macros/attributes.ftl"
DEBUG   16570   [freemark] (): Couldn't find template in cache for "spark/macros/log.ftl"("en_IN", UTF-8, parsed); will try to load it.
DEBUG   16570   [freemark] (): TemplateLoader.findTemplateSource("spark/macros/log_en_IN.ftl"): Not found
DEBUG   16570   [freemark] (): TemplateLoader.findTemplateSource("spark/macros/log_en.ftl"): Not found
DEBUG   16570   [freemark] (): TemplateLoader.findTemplateSource("spark/macros/log.ftl"): Found
DEBUG   16570   [freemark] (): Loading template for "spark/macros/log.ftl"("en_IN", UTF-8, parsed) from "jar:file:/C:/Users/apoorv/.m2/repository/com/aventstack/extentreports/5.0.9/extentreports-5.0.9.jar!/com/aventstack/extentreports/templates/spark/macros/log.ftl"
DEBUG   16570   [freemark] (): Couldn't find template in cache for "spark/macros/recurse_nodes.ftl"("en_IN", UTF-8, parsed); will try to load it.
DEBUG   16570   [freemark] (): TemplateLoader.findTemplateSource("spark/macros/recurse_nodes_en_IN.ftl"): Not found
DEBUG   16570   [freemark] (): TemplateLoader.findTemplateSource("spark/macros/recurse_nodes_en.ftl"): Not found
DEBUG   16570   [freemark] (): TemplateLoader.findTemplateSource("spark/macros/recurse_nodes.ftl"): Found
DEBUG   16570   [freemark] (): Loading template for "spark/macros/recurse_nodes.ftl"("en_IN", UTF-8, parsed) from "jar:file:/C:/Users/apoorv/.m2/repository/com/aventstack/extentreports/5.0.9/extentreports-5.0.9.jar!/com/aventstack/extentreports/templates/spark/macros/recurse_nodes.ftl"
DEBUG   16570   [freemark] (): "spark/macros/log.ftl"("en_IN", UTF-8, parsed) cached copy not yet stale; using cached.
DEBUG   16570   [freemark] (): Couldn't find template in cache for "spark/macros/attr-common.ftl"("en_IN", UTF-8, parsed); will try to load it.
DEBUG   16570   [freemark] (): TemplateLoader.findTemplateSource("spark/macros/attr-common_en_IN.ftl"): Not found
DEBUG   16570   [freemark] (): TemplateLoader.findTemplateSource("spark/macros/attr-common_en.ftl"): Not found
DEBUG   16570   [freemark] (): TemplateLoader.findTemplateSource("spark/macros/attr-common.ftl"): Found
DEBUG   16570   [freemark] (): Loading template for "spark/macros/attr-common.ftl"("en_IN", UTF-8, parsed) from "jar:file:/C:/Users/apoorv/.m2/repository/com/aventstack/extentreports/5.0.9/extentreports-5.0.9.jar!/com/aventstack/extentreports/templates/spark/macros/attr-common.ftl"
DEBUG   16570   [freemark] (): Couldn't find template in cache for "spark/partials/head.ftl"("en_IN", UTF-8, parsed); will try to load it.
DEBUG   16570   [freemark] (): TemplateLoader.findTemplateSource("spark/partials/head_en_IN.ftl"): Not found
DEBUG   16570   [freemark] (): TemplateLoader.findTemplateSource("spark/partials/head_en.ftl"): Not found
DEBUG   16570   [freemark] (): TemplateLoader.findTemplateSource("spark/partials/head.ftl"): Found
DEBUG   16570   [freemark] (): Loading template for "spark/partials/head.ftl"("en_IN", UTF-8, parsed) from "jar:file:/C:/Users/apoorv/.m2/repository/com/aventstack/extentreports/5.0.9/extentreports-5.0.9.jar!/com/aventstack/extentreports/templates/spark/partials/head.ftl"
DEBUG   16570   [freemark] (): Couldn't find template in cache for "commons/commons-inject-css.ftl"("en_IN", UTF-8, parsed); will try to load it.
DEBUG   16570   [freemark] (): TemplateLoader.findTemplateSource("commons/commons-inject-css_en_IN.ftl"): Not found
DEBUG   16570   [freemark] (): TemplateLoader.findTemplateSource("commons/commons-inject-css_en.ftl"): Not found
DEBUG   16570   [freemark] (): TemplateLoader.findTemplateSource("commons/commons-inject-css.ftl"): Found
DEBUG   16570   [freemark] (): Loading template for "commons/commons-inject-css.ftl"("en_IN", UTF-8, parsed) from "jar:file:/C:/Users/apoorv/.m2/repository/com/aventstack/extentreports/5.0.9/extentreports-5.0.9.jar!/com/aventstack/extentreports/templates/commons/commons-inject-css.ftl"
DEBUG   16570   [freemark] (): Couldn't find template in cache for "spark/partials/navbar.ftl"("en_IN", UTF-8, parsed); will try to load it.
DEBUG   16570   [freemark] (): TemplateLoader.findTemplateSource("spark/partials/navbar_en_IN.ftl"): Not found
DEBUG   16570   [freemark] (): TemplateLoader.findTemplateSource("spark/partials/navbar_en.ftl"): Not found
DEBUG   16570   [freemark] (): TemplateLoader.findTemplateSource("spark/partials/navbar.ftl"): Found
DEBUG   16570   [freemark] (): Loading template for "spark/partials/navbar.ftl"("en_IN", UTF-8, parsed) from "jar:file:/C:/Users/apoorv/.m2/repository/com/aventstack/extentreports/5.0.9/extentreports-5.0.9.jar!/com/aventstack/extentreports/templates/spark/partials/navbar.ftl"
DEBUG   16570   [freemark] (): Couldn't find template in cache for "spark/partials/sidenav.ftl"("en_IN", UTF-8, parsed); will try to load it.
DEBUG   16570   [freemark] (): TemplateLoader.findTemplateSource("spark/partials/sidenav_en_IN.ftl"): Not found
DEBUG   16570   [freemark] (): TemplateLoader.findTemplateSource("spark/partials/sidenav_en.ftl"): Not found
DEBUG   16570   [freemark] (): TemplateLoader.findTemplateSource("spark/partials/sidenav.ftl"): Found
DEBUG   16570   [freemark] (): Loading template for "spark/partials/sidenav.ftl"("en_IN", UTF-8, parsed) from "jar:file:/C:/Users/apoorv/.m2/repository/com/aventstack/extentreports/5.0.9/extentreports-5.0.9.jar!/com/aventstack/extentreports/templates/spark/partials/sidenav.ftl"
DEBUG   16570   [freemark] (): Couldn't find template in cache for "spark/partials/test.ftl"("en_IN", UTF-8, parsed); will try to load it.
DEBUG   16570   [freemark] (): TemplateLoader.findTemplateSource("spark/partials/test_en_IN.ftl"): Not found
DEBUG   16570   [freemark] (): TemplateLoader.findTemplateSource("spark/partials/test_en.ftl"): Not found
DEBUG   16570   [freemark] (): TemplateLoader.findTemplateSource("spark/partials/test.ftl"): Found
DEBUG   16570   [freemark] (): Loading template for "spark/partials/test.ftl"("en_IN", UTF-8, parsed) from "jar:file:/C:/Users/apoorv/.m2/repository/com/aventstack/extentreports/5.0.9/extentreports-5.0.9.jar!/com/aventstack/extentreports/templates/spark/partials/test.ftl"
DEBUG   16570   [freemark] (): Couldn't find template in cache for "spark/partials/standard-content.ftl"("en_IN", UTF-8, parsed); will try to load it.
DEBUG   16570   [freemark] (): TemplateLoader.findTemplateSource("spark/partials/standard-content_en_IN.ftl"): Not found
DEBUG   16570   [freemark] (): TemplateLoader.findTemplateSource("spark/partials/standard-content_en.ftl"): Not found
DEBUG   16570   [freemark] (): TemplateLoader.findTemplateSource("spark/partials/standard-content.ftl"): Found
DEBUG   16570   [freemark] (): Loading template for "spark/partials/standard-content.ftl"("en_IN", UTF-8, parsed) from "jar:file:/C:/Users/apoorv/.m2/repository/com/aventstack/extentreports/5.0.9/extentreports-5.0.9.jar!/com/aventstack/extentreports/templates/spark/partials/standard-content.ftl"
DEBUG   16570   [freemark] (): Couldn't find template in cache for "spark/partials/exception.ftl"("en_IN", UTF-8, parsed); will try to load it.
DEBUG   16570   [freemark] (): TemplateLoader.findTemplateSource("spark/partials/exception_en_IN.ftl"): Not found
DEBUG   16570   [freemark] (): TemplateLoader.findTemplateSource("spark/partials/exception_en.ftl"): Not found
DEBUG   16570   [freemark] (): TemplateLoader.findTemplateSource("spark/partials/exception.ftl"): Found
DEBUG   16570   [freemark] (): Loading template for "spark/partials/exception.ftl"("en_IN", UTF-8, parsed) from "jar:file:/C:/Users/apoorv/.m2/repository/com/aventstack/extentreports/5.0.9/extentreports-5.0.9.jar!/com/aventstack/extentreports/templates/spark/partials/exception.ftl"
DEBUG   16570   [freemark] (): Couldn't find template in cache for "spark/partials/category.ftl"("en_IN", UTF-8, parsed); will try to load it.
DEBUG   16570   [freemark] (): TemplateLoader.findTemplateSource("spark/partials/category_en_IN.ftl"): Not found
DEBUG   16570   [freemark] (): TemplateLoader.findTemplateSource("spark/partials/category_en.ftl"): Not found
DEBUG   16570   [freemark] (): TemplateLoader.findTemplateSource("spark/partials/category.ftl"): Found
DEBUG   16570   [freemark] (): Loading template for "spark/partials/category.ftl"("en_IN", UTF-8, parsed) from "jar:file:/C:/Users/apoorv/.m2/repository/com/aventstack/extentreports/5.0.9/extentreports-5.0.9.jar!/com/aventstack/extentreports/templates/spark/partials/category.ftl"
DEBUG   16570   [freemark] (): Couldn't find template in cache for "spark/partials/device.ftl"("en_IN", UTF-8, parsed); will try to load it.
DEBUG   16570   [freemark] (): TemplateLoader.findTemplateSource("spark/partials/device_en_IN.ftl"): Not found
DEBUG   16570   [freemark] (): TemplateLoader.findTemplateSource("spark/partials/device_en.ftl"): Not found
DEBUG   16570   [freemark] (): TemplateLoader.findTemplateSource("spark/partials/device.ftl"): Found
DEBUG   16570   [freemark] (): Loading template for "spark/partials/device.ftl"("en_IN", UTF-8, parsed) from "jar:file:/C:/Users/apoorv/.m2/repository/com/aventstack/extentreports/5.0.9/extentreports-5.0.9.jar!/com/aventstack/extentreports/templates/spark/partials/device.ftl"
DEBUG   16570   [freemark] (): Couldn't find template in cache for "spark/partials/author.ftl"("en_IN", UTF-8, parsed); will try to load it.
DEBUG   16570   [freemark] (): TemplateLoader.findTemplateSource("spark/partials/author_en_IN.ftl"): Not found
DEBUG   16570   [freemark] (): TemplateLoader.findTemplateSource("spark/partials/author_en.ftl"): Not found
DEBUG   16570   [freemark] (): TemplateLoader.findTemplateSource("spark/partials/author.ftl"): Found
DEBUG   16570   [freemark] (): Loading template for "spark/partials/author.ftl"("en_IN", UTF-8, parsed) from "jar:file:/C:/Users/apoorv/.m2/repository/com/aventstack/extentreports/5.0.9/extentreports-5.0.9.jar!/com/aventstack/extentreports/templates/spark/partials/author.ftl"
DEBUG   16570   [freemark] (): Couldn't find template in cache for "spark/partials/log.ftl"("en_IN", UTF-8, parsed); will try to load it.
DEBUG   16570   [freemark] (): TemplateLoader.findTemplateSource("spark/partials/log_en_IN.ftl"): Not found
DEBUG   16570   [freemark] (): TemplateLoader.findTemplateSource("spark/partials/log_en.ftl"): Not found
DEBUG   16570   [freemark] (): TemplateLoader.findTemplateSource("spark/partials/log.ftl"): Found
DEBUG   16570   [freemark] (): Loading template for "spark/partials/log.ftl"("en_IN", UTF-8, parsed) from "jar:file:/C:/Users/apoorv/.m2/repository/com/aventstack/extentreports/5.0.9/extentreports-5.0.9.jar!/com/aventstack/extentreports/templates/spark/partials/log.ftl"
DEBUG   16570   [freemark] (): Couldn't find template in cache for "spark/partials/dashboard.ftl"("en_IN", UTF-8, parsed); will try to load it.
DEBUG   16570   [freemark] (): TemplateLoader.findTemplateSource("spark/partials/dashboard_en_IN.ftl"): Not found
DEBUG   16570   [freemark] (): TemplateLoader.findTemplateSource("spark/partials/dashboard_en.ftl"): Not found
DEBUG   16570   [freemark] (): TemplateLoader.findTemplateSource("spark/partials/dashboard.ftl"): Found
DEBUG   16570   [freemark] (): Loading template for "spark/partials/dashboard.ftl"("en_IN", UTF-8, parsed) from "jar:file:/C:/Users/apoorv/.m2/repository/com/aventstack/extentreports/5.0.9/extentreports-5.0.9.jar!/com/aventstack/extentreports/templates/spark/partials/dashboard.ftl"
DEBUG   16570   [freemark] (): Couldn't find template in cache for "spark/partials/scripts.ftl"("en_IN", UTF-8, parsed); will try to load it.
DEBUG   16570   [freemark] (): TemplateLoader.findTemplateSource("spark/partials/scripts_en_IN.ftl"): Not found
DEBUG   16570   [freemark] (): TemplateLoader.findTemplateSource("spark/partials/scripts_en.ftl"): Not found
DEBUG   16570   [freemark] (): TemplateLoader.findTemplateSource("spark/partials/scripts.ftl"): Found
DEBUG   16570   [freemark] (): Loading template for "spark/partials/scripts.ftl"("en_IN", UTF-8, parsed) from "jar:file:/C:/Users/apoorv/.m2/repository/com/aventstack/extentreports/5.0.9/extentreports-5.0.9.jar!/com/aventstack/extentreports/templates/spark/partials/scripts.ftl"
DEBUG   16570   [freemark] (): Couldn't find template in cache for "commons/commons-inject-js.ftl"("en_IN", UTF-8, parsed); will try to load it.
DEBUG   16570   [freemark] (): TemplateLoader.findTemplateSource("commons/commons-inject-js_en_IN.ftl"): Not found
DEBUG   16570   [freemark] (): TemplateLoader.findTemplateSource("commons/commons-inject-js_en.ftl"): Not found
DEBUG   16570   [freemark] (): TemplateLoader.findTemplateSource("commons/commons-inject-js.ftl"): Found
DEBUG   16570   [freemark] (): Loading template for "commons/commons-inject-js.ftl"("en_IN", UTF-8, parsed) from "jar:file:/C:/Users/apoorv/.m2/repository/com/aventstack/extentreports/5.0.9/extentreports-5.0.9.jar!/com/aventstack/extentreports/templates/commons/commons-inject-js.ftl"
]]></system-out>
  </testcase>
  <testcase name="addCustomerTest" classname="com.apoorv.testcases.AddCustomerTest" time="0.751"/>
  <testcase name="addCustomerTest" classname="com.apoorv.testcases.AddCustomerTest" time="0">
    <skipped/>
  </testcase>
  <testcase name="addCustomerTest" classname="com.apoorv.testcases.AddCustomerTest" time="0.455"/>
  <testcase name="addCustomerTest" classname="com.apoorv.testcases.AddCustomerTest" time="0">
    <skipped/>
  </testcase>
</testsuite>