<?xml version="1.0" encoding="UTF-8"?>
<!-- Generated by org.testng.reporters.JUnitReportReporter -->
<testsuite hostname="apoorv" failures="0" tests="1" name="com.apoorv.testcases.AddCustomerTest" time="0.826" errors="0" timestamp="27 Jun 2022 13:17:06 GMT" skipped="0">
  <testcase classname="com.apoorv.testcases.AddCustomerTest" name="addCustomer" time="0.826"/>
</testsuite> <!-- com.apoorv.testcases.AddCustomerTest -->
