<?xml version="1.0" encoding="UTF-8"?>
<!-- Generated by org.testng.reporters.JUnitReportReporter -->
<testsuite hostname="apoorv" failures="0" tests="1" name="com.apoorv.testcases.LoginTest" time="0.651" errors="0" timestamp="24 Jun 2022 04:02:18 GMT" skipped="0">
  <testcase classname="com.apoorv.testcases.LoginTest" name="loginAsBankManager" time="0.651"/>
</testsuite> <!-- com.apoorv.testcases.LoginTest -->
