<?xml version="1.0" encoding="UTF-8"?>
<!-- Generated by org.testng.reporters.JUnitReportReporter -->
<testsuite hostname="apoorv" failures="0" tests="1" name="com.apoorv.testcases.BankManagerLoginTest" time="0.165" errors="0" timestamp="24 Jun 2022 05:51:08 GMT" skipped="0">
  <testcase classname="com.apoorv.testcases.BankManagerLoginTest" name="loginAsBankManager" time="0.165"/>
</testsuite> <!-- com.apoorv.testcases.BankManagerLoginTest -->
