<?xml version="1.0" encoding="UTF-8"?>
<!-- Generated by org.testng.reporters.JUnitReportReporter -->
<testsuite hostname="apoorv" failures="0" tests="1" name="com.apoorv.testcases.AddCustomerTest" time="0.434" errors="0" timestamp="24 Jun 2022 06:15:02 GMT" skipped="0">
  <testcase classname="com.apoorv.testcases.AddCustomerTest" name="addCustomer" time="0.434"/>
</testsuite> <!-- com.apoorv.testcases.AddCustomerTest -->
