<?xml version="1.0" encoding="UTF-8"?>
<!-- Generated by org.testng.reporters.JUnitReportReporter -->
<testsuite hostname="apoorv" failures="0" tests="1" name="com.apoorv.testcases.AddCustomerTest" time="0.699" errors="0" timestamp="26 Jun 2022 11:30:34 GMT" skipped="0">
  <testcase classname="com.apoorv.testcases.AddCustomerTest" name="addCustomer" time="0.699"/>
</testsuite> <!-- com.apoorv.testcases.AddCustomerTest -->
