<?xml version="1.0" encoding="UTF-8"?>
<!-- Generated by org.testng.reporters.JUnitReportReporter -->
<testsuite hostname="apoorv" failures="0" tests="1" name="com.apoorv.testcases.OpenAccountTest" time="0.008" errors="0" timestamp="05 Jul 2022 11:34:26 GMT" skipped="1">
  <testcase classname="com.apoorv.testcases.OpenAccountTest" name="openAccountTest" time="0.008">
    <skipped/>
  </testcase> <!-- openAccountTest -->
</testsuite> <!-- com.apoorv.testcases.OpenAccountTest -->
