<?xml version="1.0" encoding="UTF-8"?>
<!-- Generated by org.testng.reporters.JUnitReportReporter -->
<testsuite hostname="apoorv" failures="0" tests="1" name="com.apoorv.testcases.BankManagerLoginTest" time="1.033" errors="0" timestamp="05 Jul 2022 09:16:46 GMT" skipped="0">
  <testcase classname="com.apoorv.testcases.BankManagerLoginTest" name="bankManagerLoginTest" time="1.033"/>
</testsuite> <!-- com.apoorv.testcases.BankManagerLoginTest -->
