<?xml version="1.0" encoding="UTF-8"?>
<!-- Generated by org.testng.reporters.JUnitReportReporter -->
<testsuite hostname="apoorv" failures="0" tests="4" name="com.apoorv.testcases.AddCustomerTest" time="13.423" errors="0" timestamp="04 Jul 2022 15:15:48 GMT" skipped="0">
  <testcase classname="com.apoorv.testcases.AddCustomerTest" name="addCustomerTest" time="3.230"/>
  <testcase classname="com.apoorv.testcases.AddCustomerTest" name="addCustomerTest" time="3.263"/>
  <testcase classname="com.apoorv.testcases.AddCustomerTest" name="addCustomerTest" time="3.688"/>
  <testcase classname="com.apoorv.testcases.AddCustomerTest" name="addCustomerTest" time="3.242"/>
</testsuite> <!-- com.apoorv.testcases.AddCustomerTest -->
