<?xml version="1.0" encoding="UTF-8"?>
<!-- Generated by org.testng.reporters.JUnitReportReporter -->
<testsuite hostname="apoorv" failures="0" tests="1" name="com.apoorv.testcases.BankManagerLoginTest" time="0.362" errors="0" timestamp="05 Jul 2022 11:37:20 GMT" skipped="0">
  <testcase classname="com.apoorv.testcases.BankManagerLoginTest" name="bankManagerLoginTest" time="0.362"/>
</testsuite> <!-- com.apoorv.testcases.BankManagerLoginTest -->
