<?xml version="1.0" encoding="UTF-8"?>
<!-- Generated by org.testng.reporters.JUnitReportReporter -->
<testsuite hostname="apoorv" failures="0" tests="1" name="com.apoorv.testcases.AddCustomerTest" time="0.827" errors="0" timestamp="26 Jun 2022 13:25:58 GMT" skipped="0">
  <testcase classname="com.apoorv.testcases.AddCustomerTest" name="addCustomer" time="0.827"/>
</testsuite> <!-- com.apoorv.testcases.AddCustomerTest -->
