<?xml version="1.0" encoding="UTF-8"?>
<!-- Generated by org.testng.reporters.JUnitReportReporter -->
<testsuite hostname="apoorv" failures="0" tests="1" name="com.apoorv.testcases.BankManagerLoginTest" time="0.174" errors="0" timestamp="04 Jul 2022 14:33:30 GMT" skipped="0">
  <testcase classname="com.apoorv.testcases.BankManagerLoginTest" name="loginAsBankManager" time="0.174"/>
</testsuite> <!-- com.apoorv.testcases.BankManagerLoginTest -->
