<?xml version="1.0" encoding="UTF-8"?>
<!-- Generated by org.testng.reporters.JUnitReportReporter -->
<testsuite hostname="apoorv" failures="0" tests="4" name="com.apoorv.testcases.AddCustomerTest" time="14.027" errors="0" timestamp="05 Jul 2022 11:37:20 GMT" skipped="0">
  <testcase classname="com.apoorv.testcases.AddCustomerTest" name="addCustomerTest" time="3.377"/>
  <testcase classname="com.apoorv.testcases.AddCustomerTest" name="addCustomerTest" time="3.379"/>
  <testcase classname="com.apoorv.testcases.AddCustomerTest" name="addCustomerTest" time="3.928"/>
  <testcase classname="com.apoorv.testcases.AddCustomerTest" name="addCustomerTest" time="3.343"/>
</testsuite> <!-- com.apoorv.testcases.AddCustomerTest -->
