<?xml version="1.0" encoding="UTF-8"?>
<!-- Generated by org.testng.reporters.JUnitReportReporter -->
<testsuite hostname="apoorv" failures="0" tests="4" name="com.apoorv.testcases.AddCustomerTest" time="13.221" errors="0" timestamp="04 Jul 2022 14:33:30 GMT" skipped="0">
  <testcase classname="com.apoorv.testcases.AddCustomerTest" name="addCustomerTest" time="3.440"/>
  <testcase classname="com.apoorv.testcases.AddCustomerTest" name="addCustomerTest" time="3.225"/>
  <testcase classname="com.apoorv.testcases.AddCustomerTest" name="addCustomerTest" time="3.228"/>
  <testcase classname="com.apoorv.testcases.AddCustomerTest" name="addCustomerTest" time="3.328"/>
</testsuite> <!-- com.apoorv.testcases.AddCustomerTest -->
