<?xml version="1.0" encoding="UTF-8"?>
<!-- Generated by org.testng.reporters.JUnitReportReporter -->
<testsuite hostname="apoorv" failures="0" tests="1" name="com.apoorv.testcases.BankManagerLoginTest" time="0.266" errors="0" timestamp="06 Jul 2022 05:35:03 GMT" skipped="0">
  <testcase classname="com.apoorv.testcases.BankManagerLoginTest" name="bankManagerLoginTest" time="0.266"/>
</testsuite> <!-- com.apoorv.testcases.BankManagerLoginTest -->
