<?xml version="1.0" encoding="UTF-8"?>
<!-- Generated by org.testng.reporters.JUnitReportReporter -->
<testsuite hostname="apoorv" failures="0" tests="1" name="com.apoorv.testcases.OpenAccountTest" time="0.049" errors="0" timestamp="05 Jul 2022 09:16:46 GMT" skipped="1">
  <testcase classname="com.apoorv.testcases.OpenAccountTest" name="openAccountTest" time="0.049">
    <skipped/>
  </testcase> <!-- openAccountTest -->
</testsuite> <!-- com.apoorv.testcases.OpenAccountTest -->
