<?xml version="1.0" encoding="UTF-8"?>
<!-- Generated by org.testng.reporters.JUnitReportReporter -->
<testsuite hostname="apoorv" failures="0" tests="1" name="com.apoorv.testcases.OpenAccountTest" time="0.477" errors="0" timestamp="04 Jul 2022 15:15:48 GMT" skipped="0">
  <testcase classname="com.apoorv.testcases.OpenAccountTest" name="openAccountTest" time="0.477"/>
</testsuite> <!-- com.apoorv.testcases.OpenAccountTest -->
