<?xml version="1.0" encoding="UTF-8"?>
<!-- Generated by org.testng.reporters.JUnitReportReporter -->
<testsuite hostname="apoorv" failures="0" tests="1" name="com.apoorv.testcases.AddCustomerTest" time="0.528" errors="0" timestamp="04 Jul 2022 06:49:01 GMT" skipped="0">
  <testcase classname="com.apoorv.testcases.AddCustomerTest" name="addCustomerTest" time="0.528"/>
</testsuite> <!-- com.apoorv.testcases.AddCustomerTest -->
