<?xml version="1.0" encoding="UTF-8"?>
<!-- Generated by org.testng.reporters.JUnitReportReporter -->
<testsuite hostname="apoorv" failures="0" tests="4" name="com.apoorv.testcases.AddCustomerTest" time="1.208" errors="0" timestamp="06 Jul 2022 05:35:03 GMT" skipped="2">
  <testcase classname="com.apoorv.testcases.AddCustomerTest" name="addCustomerTest" time="0.751"/>
  <testcase classname="com.apoorv.testcases.AddCustomerTest" name="addCustomerTest" time="0.000">
    <skipped/>
  </testcase> <!-- addCustomerTest -->
  <testcase classname="com.apoorv.testcases.AddCustomerTest" name="addCustomerTest" time="0.455"/>
  <testcase classname="com.apoorv.testcases.AddCustomerTest" name="addCustomerTest" time="0.002">
    <skipped/>
  </testcase> <!-- addCustomerTest -->
</testsuite> <!-- com.apoorv.testcases.AddCustomerTest -->
